<?xml version="1.0" encoding="utf-8"?><testsuites name="pytest tests"><testsuite name="pytest" errors="0" failures="0" skipped="0" tests="15" time="4.794" timestamp="2026-06-17T08:26:05.443681+00:00" hostname="agent-env-63d13731-411e-4ec7-ac3a-985f15176dfa"><testcase classname="backend.tests.test_inkwell_backend.TestAuth" name="test_health" time="0.276" /><testcase classname="backend.tests.test_inkwell_backend.TestAuth" name="test_register_creates_user_and_sets_cookies" time="0.612" /><testcase classname="backend.tests.test_inkwell_backend.TestAuth" name="test_register_duplicate_returns_400" time="0.138" /><testcase classname="backend.tests.test_inkwell_backend.TestAuth" name="test_login_admin_and_me" time="0.358" /><testcase classname="backend.tests.test_inkwell_backend.TestAuth" name="test_login_wrong_password" time="0.360" /><testcase classname="backend.tests.test_inkwell_backend.TestAuth" name="test_unauthorized_returns_401" time="0.089" /><testcase classname="backend.tests.test_inkwell_backend.TestNotes" name="test_create_note_extracts_tags_and_people" time="0.489" /><testcase classname="backend.tests.test_inkwell_backend.TestNotes" name="test_list_notes_filters" time="0.219" /><testcase classname="backend.tests.test_inkwell_backend.TestNotes" name="test_calendar_counts" time="0.068" /><testcase classname="backend.tests.test_inkwell_backend.TestNotes" name="test_get_update_delete_note" time="0.287" /><testcase classname="backend.tests.test_inkwell_backend.TestRenames" name="test_rename_tag_updates_notes" time="0.215" /><testcase classname="backend.tests.test_inkwell_backend.TestRenames" name="test_rename_tag_conflict_returns_400" time="0.152" /><testcase classname="backend.tests.test_inkwell_backend.TestRenames" name="test_rename_person_updates_notes" time="0.206" /><testcase classname="backend.tests.test_inkwell_backend.TestLocations" name="test_location_crud_and_clear_on_delete" time="0.315" /><testcase classname="backend.tests.test_inkwell_backend.TestIsolation" name="test_user_a_cannot_see_user_b_notes" time="0.806" /></testsuite></testsuites>