<?xml version="1.0" encoding="utf-8"?><testsuites name="pytest tests"><testsuite name="pytest" errors="0" failures="2" skipped="0" tests="35" time="9.200" timestamp="2026-08-17T20:14:39.831615+00:00" hostname="agent-env-63d13731-411e-4ec7-ac3a-985f15176dfa"><testcase classname="backend.tests.test_notes_search_filters.TestFreeTextSearch" name="test_q_matches_content_case_insensitive" time="1.071" /><testcase classname="backend.tests.test_notes_search_filters.TestFreeTextSearch" name="test_q_matches_title" time="0.089" /><testcase classname="backend.tests.test_notes_search_filters.TestFreeTextSearch" name="test_q_no_match_returns_empty_or_excludes" time="0.091" /><testcase classname="backend.tests.test_notes_search_filters.TestMultiTagFilter" name="test_single_tags_param" time="0.088" /><testcase classname="backend.tests.test_notes_search_filters.TestMultiTagFilter" name="test_multi_tags_AND" time="0.095" /><testcase classname="backend.tests.test_notes_search_filters.TestMultiTagFilter" name="test_legacy_tag_unioned_with_tags" time="0.085" /><testcase classname="backend.tests.test_notes_search_filters.TestMultiPeopleFilter" name="test_multi_people_AND" time="0.081" /><testcase classname="backend.tests.test_notes_search_filters.TestMultiPeopleFilter" name="test_legacy_person_unioned_with_people" time="0.092" /><testcase classname="backend.tests.test_notes_search_filters.TestMultiLocationFilter" name="test_multi_location_ids_in" time="0.092" /><testcase classname="backend.tests.test_notes_search_filters.TestMultiLocationFilter" name="test_single_location_ids" time="0.100" /><testcase classname="backend.tests.test_notes_search_filters.TestMultiLocationFilter" name="test_legacy_location_id_unioned" time="0.079" /><testcase classname="backend.tests.test_notes_search_filters.TestCombinedFilters" name="test_q_plus_tags_plus_date" time="0.089" /><testcase classname="backend.tests.test_notes_search_filters.TestCombinedFilters" name="test_empty_multi_with_date_only" time="0.104" /><testcase classname="backend.tests.test_notes_search_filters.TestCombinedFilters" name="test_no_params_returns_all_user_notes" time="0.087" /><testcase classname="backend.tests.test_notes_search_filters.TestUpdateCreatedAt" name="test_update_created_at_iso_z" time="0.213" /><testcase classname="backend.tests.test_notes_search_filters.TestUpdateCreatedAt" name="test_update_created_at_invalid_is_silently_ignored" time="0.216" /><testcase classname="backend.tests.test_notes_search_filters.TestRegressionExistingFlows" name="test_auth_me_works" time="0.086" /><testcase classname="backend.tests.test_notes_search_filters.TestRegressionExistingFlows" name="test_calendar_counts" time="0.089" /><testcase classname="backend.tests.test_notes_search_filters.TestRegressionExistingFlows" name="test_create_note_extracts_tags_and_people" time="0.107" /><testcase classname="backend.tests.test_notes_search_filters.TestRegressionExistingFlows" name="test_tag_rename_propagates" time="0.381" /><testcase classname="backend.tests.test_inkwell_backend.TestAuth" name="test_health" time="0.168" /><testcase classname="backend.tests.test_inkwell_backend.TestAuth" name="test_register_creates_user_and_sets_cookies" time="0.668" /><testcase classname="backend.tests.test_inkwell_backend.TestAuth" name="test_register_duplicate_returns_400" time="0.272" /><testcase classname="backend.tests.test_inkwell_backend.TestAuth" name="test_login_admin_and_me" time="0.488" /><testcase classname="backend.tests.test_inkwell_backend.TestAuth" name="test_login_wrong_password" time="0.426" /><testcase classname="backend.tests.test_inkwell_backend.TestAuth" name="test_unauthorized_returns_401" time="0.173" /><testcase classname="backend.tests.test_inkwell_backend.TestNotes" name="test_create_note_extracts_tags_and_people" time="0.691" /><testcase classname="backend.tests.test_inkwell_backend.TestNotes" name="test_list_notes_filters" time="0.287" /><testcase classname="backend.tests.test_inkwell_backend.TestNotes" name="test_calendar_counts" time="0.078" /><testcase classname="backend.tests.test_inkwell_backend.TestNotes" name="test_get_update_delete_note" time="0.316" /><testcase classname="backend.tests.test_inkwell_backend.TestRenames" name="test_rename_tag_updates_notes" time="0.221"><failure message="assert 400 == 200&#10; +  where 400 = &lt;Response [400]&gt;.status_code">E   assert 400 == 200
     +  where 400 = &lt;Response [400]&gt;.status_code</failure></testcase><testcase classname="backend.tests.test_inkwell_backend.TestRenames" name="test_rename_tag_conflict_returns_400" time="0.198" /><testcase classname="backend.tests.test_inkwell_backend.TestRenames" name="test_rename_person_updates_notes" time="0.224"><failure message="assert 400 == 200&#10; +  where 400 = &lt;Response [400]&gt;.status_code">E   assert 400 == 200
     +  where 400 = &lt;Response [400]&gt;.status_code</failure></testcase><testcase classname="backend.tests.test_inkwell_backend.TestLocations" name="test_location_crud_and_clear_on_delete" time="0.395" /><testcase classname="backend.tests.test_inkwell_backend.TestIsolation" name="test_user_a_cannot_see_user_b_notes" time="1.169" /></testsuite></testsuites>