<?xml version="1.0" encoding="utf-8"?><testsuites name="pytest tests"><testsuite name="pytest" errors="0" failures="0" skipped="0" tests="18" time="7.847" timestamp="2026-08-17T20:14:22.313908+00:00" hostname="agent-env-63d13731-411e-4ec7-ac3a-985f15176dfa"><testcase classname="backend.tests.test_new_features.TestReminders" name="test_create_note_with_reminder_extracts" time="0.834" /><testcase classname="backend.tests.test_new_features.TestReminders" name="test_update_note_replaces_reminders" time="0.563" /><testcase classname="backend.tests.test_new_features.TestReminders" name="test_delete_note_removes_reminders" time="0.326" /><testcase classname="backend.tests.test_new_features.TestReminders" name="test_upcoming_excludes_past_reminders" time="0.233" /><testcase classname="backend.tests.test_new_features.TestReminders" name="test_upcoming_sorted_ascending" time="0.272" /><testcase classname="backend.tests.test_new_features.TestReminders" name="test_fire_reminder_marks_and_excludes" time="0.395" /><testcase classname="backend.tests.test_new_features.TestReminders" name="test_fire_nonexistent_returns_404" time="0.077" /><testcase classname="backend.tests.test_new_features.TestPin" name="test_pin_toggle_and_filter" time="0.752" /><testcase classname="backend.tests.test_new_features.TestPin" name="test_pin_nonexistent_note_404" time="0.080" /><testcase classname="backend.tests.test_new_features.TestUploads" name="test_upload_and_download_image" time="0.666" /><testcase classname="backend.tests.test_new_features.TestUploads" name="test_upload_rejects_non_image" time="0.150" /><testcase classname="backend.tests.test_new_features.TestUploads" name="test_upload_requires_auth" time="0.229" /><testcase classname="backend.tests.test_new_features.TestUploads" name="test_files_download_requires_auth" time="0.516" /><testcase classname="backend.tests.test_new_features.TestUploads" name="test_files_cross_user_isolation" time="0.954" /><testcase classname="backend.tests.test_new_features.TestLinkPreview" name="test_github_link_preview_has_title" time="0.821" /><testcase classname="backend.tests.test_new_features.TestLinkPreview" name="test_link_preview_unreachable_url_graceful" time="0.136" /><testcase classname="backend.tests.test_new_features.TestLinkPreview" name="test_link_preview_invalid_scheme_returns_400" time="0.077" /><testcase classname="backend.tests.test_new_features.TestGeocode" name="test_geocode_galata_kulesi" time="0.666" /></testsuite></testsuites>