<?xml version="1.0" encoding="utf-8"?><testsuites name="pytest tests"><testsuite name="pytest" errors="0" failures="0" skipped="0" tests="20" time="2.413" timestamp="2026-06-17T09:37:51.147075+00:00" hostname="agent-env-63d13731-411e-4ec7-ac3a-985f15176dfa"><testcase classname="backend.tests.test_notes_search_filters.TestFreeTextSearch" name="test_q_matches_content_case_insensitive" time="0.832" /><testcase classname="backend.tests.test_notes_search_filters.TestFreeTextSearch" name="test_q_matches_title" time="0.044" /><testcase classname="backend.tests.test_notes_search_filters.TestFreeTextSearch" name="test_q_no_match_returns_empty_or_excludes" time="0.044" /><testcase classname="backend.tests.test_notes_search_filters.TestMultiTagFilter" name="test_single_tags_param" time="0.044" /><testcase classname="backend.tests.test_notes_search_filters.TestMultiTagFilter" name="test_multi_tags_AND" time="0.044" /><testcase classname="backend.tests.test_notes_search_filters.TestMultiTagFilter" name="test_legacy_tag_unioned_with_tags" time="0.045" /><testcase classname="backend.tests.test_notes_search_filters.TestMultiPeopleFilter" name="test_multi_people_AND" time="0.084" /><testcase classname="backend.tests.test_notes_search_filters.TestMultiPeopleFilter" name="test_legacy_person_unioned_with_people" time="0.044" /><testcase classname="backend.tests.test_notes_search_filters.TestMultiLocationFilter" name="test_multi_location_ids_in" time="0.043" /><testcase classname="backend.tests.test_notes_search_filters.TestMultiLocationFilter" name="test_single_location_ids" time="0.043" /><testcase classname="backend.tests.test_notes_search_filters.TestMultiLocationFilter" name="test_legacy_location_id_unioned" time="0.083" /><testcase classname="backend.tests.test_notes_search_filters.TestCombinedFilters" name="test_q_plus_tags_plus_date" time="0.043" /><testcase classname="backend.tests.test_notes_search_filters.TestCombinedFilters" name="test_empty_multi_with_date_only" time="0.084" /><testcase classname="backend.tests.test_notes_search_filters.TestCombinedFilters" name="test_no_params_returns_all_user_notes" time="0.042" /><testcase classname="backend.tests.test_notes_search_filters.TestUpdateCreatedAt" name="test_update_created_at_iso_z" time="0.086" /><testcase classname="backend.tests.test_notes_search_filters.TestUpdateCreatedAt" name="test_update_created_at_invalid_is_silently_ignored" time="0.089" /><testcase classname="backend.tests.test_notes_search_filters.TestRegressionExistingFlows" name="test_auth_me_works" time="0.041" /><testcase classname="backend.tests.test_notes_search_filters.TestRegressionExistingFlows" name="test_calendar_counts" time="0.084" /><testcase classname="backend.tests.test_notes_search_filters.TestRegressionExistingFlows" name="test_create_note_extracts_tags_and_people" time="0.087" /><testcase classname="backend.tests.test_notes_search_filters.TestRegressionExistingFlows" name="test_tag_rename_propagates" time="0.437" /></testsuite></testsuites>