<?xml version="1.0" encoding="utf-8"?><testsuites name="pytest tests"><testsuite name="pytest" errors="0" failures="2" skipped="0" tests="15" time="4.223" timestamp="2026-06-17T09:37:59.881087+00:00" hostname="agent-env-63d13731-411e-4ec7-ac3a-985f15176dfa"><testcase classname="backend.tests.test_inkwell_backend.TestAuth" name="test_health" time="0.172" /><testcase classname="backend.tests.test_inkwell_backend.TestAuth" name="test_register_creates_user_and_sets_cookies" time="0.565" /><testcase classname="backend.tests.test_inkwell_backend.TestAuth" name="test_register_duplicate_returns_400" time="0.096" /><testcase classname="backend.tests.test_inkwell_backend.TestAuth" name="test_login_admin_and_me" time="0.398" /><testcase classname="backend.tests.test_inkwell_backend.TestAuth" name="test_login_wrong_password" time="0.317" /><testcase classname="backend.tests.test_inkwell_backend.TestAuth" name="test_unauthorized_returns_401" time="0.129" /><testcase classname="backend.tests.test_inkwell_backend.TestNotes" name="test_create_note_extracts_tags_and_people" time="0.464" /><testcase classname="backend.tests.test_inkwell_backend.TestNotes" name="test_list_notes_filters" time="0.182" /><testcase classname="backend.tests.test_inkwell_backend.TestNotes" name="test_calendar_counts" time="0.047" /><testcase classname="backend.tests.test_inkwell_backend.TestNotes" name="test_get_update_delete_note" time="0.228" /><testcase classname="backend.tests.test_inkwell_backend.TestRenames" name="test_rename_tag_updates_notes" time="0.143"><failure message="assert 400 == 200&#10; +  where 400 = &lt;Response [400]&gt;.status_code">backend/tests/test_inkwell_backend.py:171: in test_rename_tag_updates_notes
    assert ru.status_code == 200
E   assert 400 == 200
E    +  where 400 = &lt;Response [400]&gt;.status_code</failure></testcase><testcase classname="backend.tests.test_inkwell_backend.TestRenames" name="test_rename_tag_conflict_returns_400" time="0.135" /><testcase classname="backend.tests.test_inkwell_backend.TestRenames" name="test_rename_person_updates_notes" time="0.138"><failure message="assert 400 == 200&#10; +  where 400 = &lt;Response [400]&gt;.status_code">backend/tests/test_inkwell_backend.py:191: in test_rename_person_updates_notes
    assert ru.status_code == 200
E   assert 400 == 200
E    +  where 400 = &lt;Response [400]&gt;.status_code</failure></testcase><testcase classname="backend.tests.test_inkwell_backend.TestLocations" name="test_location_crud_and_clear_on_delete" time="0.304" /><testcase classname="backend.tests.test_inkwell_backend.TestIsolation" name="test_user_a_cannot_see_user_b_notes" time="0.809" /></testsuite></testsuites>